<?xml version="1.0" encoding="UTF-8"?>
<testng-results ignored="0" total="2" passed="2" failed="0" skipped="0">
  <reporter-output>
  </reporter-output>
  <suite started-at="2024-07-04T08:23:12 EDT" name="regression" finished-at="2024-07-04T08:23:55 EDT" duration-ms="43557">
    <groups>
    </groups>
    <test started-at="2024-07-04T08:23:12 EDT" name="LoginTest" finished-at="2024-07-04T08:23:55 EDT" duration-ms="43557">
      <class name="test.AddCustomerTest">
        <test-method signature="userShouldBeAbleToCreateNewCustomer(java.lang.String,java.lang.String,java.lang.String,java.lang.String,java.lang.String,java.lang.String,java.lang.String,java.lang.String,java.lang.String,java.lang.String,java.lang.String,java.lang.String,java.lang.String)[pri:0, instance:test.AddCustomerTest@3c73951]" started-at="2024-07-04T08:23:24 EDT" name="userShouldBeAbleToCreateNewCustomer" finished-at="2024-07-04T08:23:55 EDT" duration-ms="30640" status="PASS">
          <params>
            <param index="0">
              <value>
                <![CDATA[demo@codefios.com]]>
              </value>
            </param>
            <param index="1">
              <value>
                <![CDATA[abc123]]>
              </value>
            </param>
            <param index="2">
              <value>
                <![CDATA[Dashboard]]>
              </value>
            </param>
            <param index="3">
              <value>
                <![CDATA[New Customer]]>
              </value>
            </param>
            <param index="4">
              <value>
                <![CDATA[Excel Project]]>
              </value>
            </param>
            <param index="5">
              <value>
                <![CDATA[Walgreen]]>
              </value>
            </param>
            <param index="6">
              <value>
                <![CDATA[abc@gmail.com]]>
              </value>
            </param>
            <param index="7">
              <value>
                <![CDATA[a874321]]>
              </value>
            </param>
            <param index="8">
              <value>
                <![CDATA[777 Drive]]>
              </value>
            </param>
            <param index="9">
              <value>
                <![CDATA[Dallas]]>
              </value>
            </param>
            <param index="10">
              <value>
                <![CDATA[a99900]]>
              </value>
            </param>
            <param index="11">
              <value>
                <![CDATA[United Kingdom]]>
              </value>
            </param>
            <param index="12">
              <value>
                <![CDATA[SQL]]>
              </value>
            </param>
          </params>
          <reporter-output>
          </reporter-output>
        </test-method> <!-- userShouldBeAbleToCreateNewCustomer -->
      </class> <!-- test.AddCustomerTest -->
      <class name="test.LoginTest">
        <test-method signature="validUserShouldBeAbleToLogin(java.lang.String,java.lang.String)[pri:0, instance:test.LoginTest@6d3a388c]" started-at="2024-07-04T08:23:12 EDT" name="validUserShouldBeAbleToLogin" finished-at="2024-07-04T08:23:24 EDT" duration-ms="12885" status="PASS">
          <params>
            <param index="0">
              <value>
                <![CDATA[demo@codefios.com]]>
              </value>
            </param>
            <param index="1">
              <value>
                <![CDATA[abc123]]>
              </value>
            </param>
          </params>
          <reporter-output>
          </reporter-output>
        </test-method> <!-- validUserShouldBeAbleToLogin -->
      </class> <!-- test.LoginTest -->
    </test> <!-- LoginTest -->
  </suite> <!-- regression -->
</testng-results>
